Traceback (most recent call last):
  File "/usr/local/lib/python3.10/dist-packages/nbclient/client.py", line 778, in _async_poll_for_reply
    msg = await ensure_async(self.kc.shell_channel.get_msg(timeout=new_timeout))
  File "/usr/local/lib/python3.10/dist-packages/jupyter_core/utils/__init__.py", line 182, in ensure_async
    result = await obj
  File "/usr/local/lib/python3.10/dist-packages/jupyter_client/asynchronous/channels.py", line 48, in get_msg
    raise Empty
_queue.Empty

During handling of the above exception, another exception occurred:

Traceback (most recent call last):
  File "/usr/local/lib/python3.10/dist-packages/jupyter_cache/executors/utils.py", line 58, in single_nb_execution
    executenb(
  File "/usr/local/lib/python3.10/dist-packages/nbclient/client.py", line 1305, in execute
    return NotebookClient(nb=nb, resources=resources, km=km, **kwargs).execute()
  File "/usr/local/lib/python3.10/dist-packages/jupyter_core/utils/__init__.py", line 166, in wrapped
    return loop.run_until_complete(inner)
  File "/usr/lib/python3.10/asyncio/base_events.py", line 649, in run_until_complete
    return future.result()
  File "/usr/local/lib/python3.10/dist-packages/nbclient/client.py", line 705, in async_execute
    await self.async_execute_cell(
  File "/usr/local/lib/python3.10/dist-packages/nbclient/client.py", line 1001, in async_execute_cell
    exec_reply = await self.task_poll_for_reply
  File "/usr/local/lib/python3.10/dist-packages/nbclient/client.py", line 802, in _async_poll_for_reply
    error_on_timeout_execute_reply = await self._async_handle_timeout(timeout, cell)
  File "/usr/local/lib/python3.10/dist-packages/nbclient/client.py", line 852, in _async_handle_timeout
    raise CellTimeoutError.error_from_timeout_and_cell(
nbclient.exceptions.CellTimeoutError: A cell timed out while it was being executed, after 30 seconds.
The message was: Cell execution timed out.
Here is a preview of the cell contents:
-------------------
['# Membuat kamus slang words dan kata Indonesia yang benar', 'slang_dict = pd.read_csv("https://raw.githubusercontent.com/louisowen6/NLP_bahasa_resources/master/combined_slang_words.txt", sep=" ", header=None)', '', '# Membuat fungsi untuk mengubah slang words menjadi kata Indonesia yang benar', 'def replace_slang_words(text):']
...
['  slang = replace_slang_words(clean[i])', '  slang_words.append(slang)', '', 'data_slang = pd.DataFrame(slang_words, columns=["Slang Word Corection"])', 'data_slang']
-------------------

